#################
##  CFD PINN   ##
#################

Setting up geometry...
Geometry summary:
	geom[x_start]: 0
	geom[x_end]: 1
	geom[numx]: 40
	geom[y_start]: 0
	geom[y_end]: 1
	geom[numy]: 40
	geom[t_start]: 0.0
	geom[t_end]: 5.0
	geom[t_dt]: 0.005
	geom[numt]: 1001
	geom[stride]: 5
	Geometry setup completed

DEBUG: PINN device: cpu

DEBUG: threads: 1
Prediction of fluid properties...
	DEBUG: Applying scaler...
	DEBUG: Scaler applied
	DEBUG: len(x): 1601600
	DEBUG: len(y): 1601600
	DEBUG: len(t): 1601600
------------------------  ------------  ------------  ------------  ------------  ------------  ------------  ------------  ------------  
                    Name    Self CPU %      Self CPU   CPU total %     CPU total  CPU time avg       CPU Mem  Self CPU Mem    # of Calls  
------------------------  ------------  ------------  ------------  ------------  ------------  ------------  ------------  ------------  
         model_inference         7.17%      71.832ms       100.00%        1.002s        1.002s      18.33 Mb      -3.07 Gb             1  
            aten::linear         0.01%      51.000us        62.34%     624.908ms     124.982ms       1.55 Gb           0 b             5  
             aten::addmm        39.98%     400.716ms        62.33%     624.742ms     124.948ms       1.55 Gb       1.55 Gb             5  
              aten::relu         0.00%      42.000us        29.14%     292.098ms      73.025ms       1.53 Gb           0 b             4  
         aten::clamp_min        29.14%     292.056ms        29.14%     292.056ms      73.014ms       1.53 Gb       1.53 Gb             4  
             aten::copy_        22.35%     223.998ms        22.35%     223.998ms      44.800ms           0 b           0 b             5  
               aten::cat         1.35%      13.489ms         1.35%      13.489ms      13.489ms      18.33 Mb      18.33 Mb             1  
                 aten::t         0.00%      36.000us         0.01%     115.000us      23.000us           0 b           0 b             5  
         aten::transpose         0.00%      46.000us         0.01%      79.000us      15.800us           0 b           0 b             5  
           aten::reshape         0.00%      22.000us         0.00%      34.000us      11.333us           0 b           0 b             3  
------------------------  ------------  ------------  ------------  ------------  ------------  ------------  ------------  ------------  
Self CPU time total: 1.002s


------------------------  ------------  ------------  ------------  ------------  ------------  ------------  ------------  ------------  
                    Name    Self CPU %      Self CPU   CPU total %     CPU total  CPU time avg       CPU Mem  Self CPU Mem    # of Calls  
------------------------  ------------  ------------  ------------  ------------  ------------  ------------  ------------  ------------  
            aten::linear         0.01%      51.000us        62.34%     624.908ms     124.982ms       1.55 Gb           0 b             5  
             aten::addmm        39.98%     400.716ms        62.33%     624.742ms     124.948ms       1.55 Gb       1.55 Gb             5  
              aten::relu         0.00%      42.000us        29.14%     292.098ms      73.025ms       1.53 Gb           0 b             4  
         aten::clamp_min        29.14%     292.056ms        29.14%     292.056ms      73.014ms       1.53 Gb       1.53 Gb             4  
         model_inference         7.17%      71.832ms       100.00%        1.002s        1.002s      18.33 Mb      -3.07 Gb             1  
               aten::cat         1.35%      13.489ms         1.35%      13.489ms      13.489ms      18.33 Mb      18.33 Mb             1  
           aten::reshape         0.00%      22.000us         0.00%      34.000us      11.333us           0 b           0 b             3  
    aten::_reshape_alias         0.00%      12.000us         0.00%      12.000us       4.000us           0 b           0 b             3  
                 aten::t         0.00%      36.000us         0.01%     115.000us      23.000us           0 b           0 b             5  
         aten::transpose         0.00%      46.000us         0.01%      79.000us      15.800us           0 b           0 b             5  
------------------------  ------------  ------------  ------------  ------------  ------------  ------------  ------------  ------------  
Self CPU time total: 1.002s


------------------------  ------------  ------------  ------------  ------------  ------------  ------------  ------------  ------------  
                    Name    Self CPU %      Self CPU   CPU total %     CPU total  CPU time avg       CPU Mem  Self CPU Mem    # of Calls  
------------------------  ------------  ------------  ------------  ------------  ------------  ------------  ------------  ------------  
             aten::addmm        39.98%     400.716ms        62.33%     624.742ms     124.948ms       1.55 Gb       1.55 Gb             5  
         aten::clamp_min        29.14%     292.056ms        29.14%     292.056ms      73.014ms       1.53 Gb       1.53 Gb             4  
------------------------  ------------  ------------  ------------  ------------  ------------  ------------  ------------  ------------  
Self CPU time total: 1.002s


------------------------  ------------  ------------  ------------  ------------  ------------  ------------  ------------  ------------  -------------------------------------------  
                    Name    Self CPU %      Self CPU   CPU total %     CPU total  CPU time avg       CPU Mem  Self CPU Mem    # of Calls                                 Input Shapes  
------------------------  ------------  ------------  ------------  ------------  ------------  ------------  ------------  ------------  -------------------------------------------  
         aten::clamp_min        29.14%     292.056ms        29.14%     292.056ms      73.014ms       1.53 Gb       1.53 Gb             4                          [[1601600, 64], []]  
             aten::addmm        26.96%     270.214ms        42.53%     426.319ms     142.106ms       1.15 Gb       1.15 Gb             3      [[64], [1601600, 64], [64, 64], [], []]  
             aten::copy_        21.20%     212.499ms        21.20%     212.499ms      53.125ms           0 b           0 b             4           [[1601600, 64], [1601600, 64], []]  
         model_inference         7.17%      71.832ms       100.00%        1.002s        1.002s      18.33 Mb      -3.07 Gb             1                                           []  
             aten::addmm         6.79%      68.104ms         7.94%      79.611ms      79.611ms      18.33 Mb      18.33 Mb             1        [[3], [1601600, 64], [64, 3], [], []]  
             aten::addmm         6.23%      62.398ms        11.85%     118.812ms     118.812ms     391.02 Mb     391.02 Mb             1        [[64], [1601600, 3], [3, 64], [], []]  
               aten::cat         1.35%      13.489ms         1.35%      13.489ms      13.489ms      18.33 Mb      18.33 Mb             1                                     [[], []]  
             aten::copy_         1.15%      11.499ms         1.15%      11.499ms      11.499ms           0 b           0 b             1             [[1601600, 3], [1601600, 3], []]  
              aten::relu         0.00%      42.000us        29.14%     292.098ms      73.025ms       1.53 Gb           0 b             4                              [[1601600, 64]]  
         aten::transpose         0.00%      31.000us         0.00%      50.000us      16.667us           0 b           0 b             3                           [[64, 64], [], []]  
------------------------  ------------  ------------  ------------  ------------  ------------  ------------  ------------  ------------  -------------------------------------------  
Self CPU time total: 1.002s


'inference' wall-time (seconds): 1.017

	Fluid properties prediction complete

