#################
##  CFD PINN   ##
#################

Setting up geometry...
Geometry summary:
	geom[x_start]: 0
	geom[x_end]: 1
	geom[numx]: 40
	geom[y_start]: 0
	geom[y_end]: 1
	geom[numy]: 40
	geom[t_start]: 0.0
	geom[t_end]: 5.0
	geom[t_dt]: 0.002
	geom[numt]: 2501
	geom[stride]: 2
	Geometry setup completed

DEBUG: PINN device: cpu

DEBUG: threads: 1
Prediction of fluid properties...
	DEBUG: Applying scaler...
	DEBUG: Scaler applied
	DEBUG: len(x): 4001600
	DEBUG: len(y): 4001600
	DEBUG: len(t): 4001600
------------------------  ------------  ------------  ------------  ------------  ------------  ------------  ------------  ------------  
                    Name    Self CPU %      Self CPU   CPU total %     CPU total  CPU time avg       CPU Mem  Self CPU Mem    # of Calls  
------------------------  ------------  ------------  ------------  ------------  ------------  ------------  ------------  ------------  
         model_inference         9.29%     209.253ms       100.00%        2.252s        2.252s      45.79 Mb      -7.68 Gb             1  
            aten::linear         0.00%      50.000us        59.32%        1.336s     267.172ms       3.86 Gb           0 b             5  
             aten::addmm        33.30%     749.779ms        59.32%        1.336s     267.141ms       3.86 Gb       3.86 Gb             5  
              aten::relu         0.00%      17.000us        29.95%     674.379ms     168.595ms       3.82 Gb           0 b             4  
         aten::clamp_min        29.95%     674.362ms        29.95%     674.362ms     168.590ms       3.82 Gb       3.82 Gb             4  
             aten::copy_        26.02%     585.898ms        26.02%     585.898ms     117.180ms           0 b           0 b             5  
               aten::cat         1.43%      32.260ms         1.43%      32.260ms      32.260ms      45.79 Mb      45.79 Mb             1  
                 aten::t         0.00%      39.000us         0.00%     108.000us      21.600us           0 b           0 b             5  
         aten::transpose         0.00%      45.000us         0.00%      69.000us      13.800us           0 b           0 b             5  
           aten::reshape         0.00%      22.000us         0.00%      32.000us      10.667us           0 b           0 b             3  
------------------------  ------------  ------------  ------------  ------------  ------------  ------------  ------------  ------------  
Self CPU time total: 2.252s


------------------------  ------------  ------------  ------------  ------------  ------------  ------------  ------------  ------------  
                    Name    Self CPU %      Self CPU   CPU total %     CPU total  CPU time avg       CPU Mem  Self CPU Mem    # of Calls  
------------------------  ------------  ------------  ------------  ------------  ------------  ------------  ------------  ------------  
            aten::linear         0.00%      50.000us        59.32%        1.336s     267.172ms       3.86 Gb           0 b             5  
             aten::addmm        33.30%     749.779ms        59.32%        1.336s     267.141ms       3.86 Gb       3.86 Gb             5  
              aten::relu         0.00%      17.000us        29.95%     674.379ms     168.595ms       3.82 Gb           0 b             4  
         aten::clamp_min        29.95%     674.362ms        29.95%     674.362ms     168.590ms       3.82 Gb       3.82 Gb             4  
         model_inference         9.29%     209.253ms       100.00%        2.252s        2.252s      45.79 Mb      -7.68 Gb             1  
               aten::cat         1.43%      32.260ms         1.43%      32.260ms      32.260ms      45.79 Mb      45.79 Mb             1  
           aten::reshape         0.00%      22.000us         0.00%      32.000us      10.667us           0 b           0 b             3  
    aten::_reshape_alias         0.00%      10.000us         0.00%      10.000us       3.333us           0 b           0 b             3  
                 aten::t         0.00%      39.000us         0.00%     108.000us      21.600us           0 b           0 b             5  
         aten::transpose         0.00%      45.000us         0.00%      69.000us      13.800us           0 b           0 b             5  
------------------------  ------------  ------------  ------------  ------------  ------------  ------------  ------------  ------------  
Self CPU time total: 2.252s


------------------------  ------------  ------------  ------------  ------------  ------------  ------------  ------------  ------------  
                    Name    Self CPU %      Self CPU   CPU total %     CPU total  CPU time avg       CPU Mem  Self CPU Mem    # of Calls  
------------------------  ------------  ------------  ------------  ------------  ------------  ------------  ------------  ------------  
             aten::addmm        33.30%     749.779ms        59.32%        1.336s     267.141ms       3.86 Gb       3.86 Gb             5  
         aten::clamp_min        29.95%     674.362ms        29.95%     674.362ms     168.590ms       3.82 Gb       3.82 Gb             4  
------------------------  ------------  ------------  ------------  ------------  ------------  ------------  ------------  ------------  
Self CPU time total: 2.252s


------------------------  ------------  ------------  ------------  ------------  ------------  ------------  ------------  ------------  -------------------------------------------  
                    Name    Self CPU %      Self CPU   CPU total %     CPU total  CPU time avg       CPU Mem  Self CPU Mem    # of Calls                                 Input Shapes  
------------------------  ------------  ------------  ------------  ------------  ------------  ------------  ------------  ------------  -------------------------------------------  
         aten::clamp_min        29.95%     674.362ms        29.95%     674.362ms     168.590ms       3.82 Gb       3.82 Gb             4                          [[4001600, 64], []]  
             aten::copy_        24.75%     557.260ms        24.75%     557.260ms     139.315ms           0 b           0 b             4           [[4001600, 64], [4001600, 64], []]  
             aten::addmm        24.04%     541.423ms        43.16%     971.935ms     323.978ms       2.86 Gb       2.86 Gb             3      [[64], [4001600, 64], [64, 64], [], []]  
         model_inference         9.29%     209.253ms       100.00%        2.252s        2.252s      45.79 Mb      -7.68 Gb             1                                           []  
             aten::addmm         6.13%     138.115ms         7.41%     166.757ms     166.757ms      45.79 Mb      45.79 Mb             1        [[3], [4001600, 64], [64, 3], [], []]  
             aten::addmm         3.12%      70.241ms         8.75%     197.012ms     197.012ms     976.95 Mb     976.95 Mb             1        [[64], [4001600, 3], [3, 64], [], []]  
               aten::cat         1.43%      32.260ms         1.43%      32.260ms      32.260ms      45.79 Mb      45.79 Mb             1                                     [[], []]  
             aten::copy_         1.27%      28.638ms         1.27%      28.638ms      28.638ms           0 b           0 b             1             [[4001600, 3], [4001600, 3], []]  
            aten::linear         0.00%      27.000us        43.17%     972.025ms     324.008ms       2.86 Gb           0 b             3              [[4001600, 64], [64, 64], [64]]  
         aten::transpose         0.00%      27.000us         0.00%      42.000us      14.000us           0 b           0 b             3                           [[64, 64], [], []]  
------------------------  ------------  ------------  ------------  ------------  ------------  ------------  ------------  ------------  -------------------------------------------  
Self CPU time total: 2.252s


'inference' wall-time (seconds): 2.267

	Fluid properties prediction complete

