#################
##  CFD PINN   ##
#################

Setting up geometry...
Geometry summary:
	geom[x_start]: 0
	geom[x_end]: 1
	geom[numx]: 40
	geom[y_start]: 0
	geom[y_end]: 1
	geom[numy]: 40
	geom[t_start]: 0.0
	geom[t_end]: 5.0
	geom[t_dt]: 0.001
	geom[numt]: 5001
	geom[stride]: 1
	Geometry setup completed

DEBUG: PINN device: cpu

DEBUG: threads: 1
Prediction of fluid properties...
	DEBUG: Applying scaler...
	DEBUG: Scaler applied
	DEBUG: len(x): 8001600
	DEBUG: len(y): 8001600
	DEBUG: len(t): 8001600
------------------------  ------------  ------------  ------------  ------------  ------------  ------------  ------------  ------------  
                    Name    Self CPU %      Self CPU   CPU total %     CPU total  CPU time avg       CPU Mem  Self CPU Mem    # of Calls  
------------------------  ------------  ------------  ------------  ------------  ------------  ------------  ------------  ------------  
         model_inference         7.23%     391.871ms       100.00%        5.421s        5.421s      91.57 Mb     -15.35 Gb             1  
            aten::linear         0.00%      58.000us        61.80%        3.350s     670.038ms       7.72 Gb           0 b             5  
             aten::addmm        40.29%        2.184s        61.79%        3.350s     670.000ms       7.72 Gb       7.72 Gb             5  
              aten::relu         0.00%      38.000us        29.78%        1.615s     403.682ms       7.63 Gb           0 b             4  
         aten::clamp_min        29.78%        1.615s        29.78%        1.615s     403.673ms       7.63 Gb       7.63 Gb             4  
             aten::copy_        21.50%        1.166s        21.50%        1.166s     233.106ms           0 b           0 b             5  
               aten::cat         1.19%      64.477ms         1.19%      64.477ms      64.477ms      91.57 Mb      91.57 Mb             1  
                 aten::t         0.00%      47.000us         0.00%     133.000us      26.600us           0 b           0 b             5  
         aten::transpose         0.00%      55.000us         0.00%      86.000us      17.200us           0 b           0 b             5  
        aten::as_strided         0.00%      46.000us         0.00%      46.000us       4.600us           0 b           0 b            10  
------------------------  ------------  ------------  ------------  ------------  ------------  ------------  ------------  ------------  
Self CPU time total: 5.421s


------------------------  ------------  ------------  ------------  ------------  ------------  ------------  ------------  ------------  
                    Name    Self CPU %      Self CPU   CPU total %     CPU total  CPU time avg       CPU Mem  Self CPU Mem    # of Calls  
------------------------  ------------  ------------  ------------  ------------  ------------  ------------  ------------  ------------  
            aten::linear         0.00%      58.000us        61.80%        3.350s     670.038ms       7.72 Gb           0 b             5  
             aten::addmm        40.29%        2.184s        61.79%        3.350s     670.000ms       7.72 Gb       7.72 Gb             5  
              aten::relu         0.00%      38.000us        29.78%        1.615s     403.682ms       7.63 Gb           0 b             4  
         aten::clamp_min        29.78%        1.615s        29.78%        1.615s     403.673ms       7.63 Gb       7.63 Gb             4  
         model_inference         7.23%     391.871ms       100.00%        5.421s        5.421s      91.57 Mb     -15.35 Gb             1  
               aten::cat         1.19%      64.477ms         1.19%      64.477ms      64.477ms      91.57 Mb      91.57 Mb             1  
           aten::reshape         0.00%      24.000us         0.00%      34.000us      11.333us           0 b           0 b             3  
    aten::_reshape_alias         0.00%      10.000us         0.00%      10.000us       3.333us           0 b           0 b             3  
                 aten::t         0.00%      47.000us         0.00%     133.000us      26.600us           0 b           0 b             5  
         aten::transpose         0.00%      55.000us         0.00%      86.000us      17.200us           0 b           0 b             5  
------------------------  ------------  ------------  ------------  ------------  ------------  ------------  ------------  ------------  
Self CPU time total: 5.421s


------------------------  ------------  ------------  ------------  ------------  ------------  ------------  ------------  ------------  
                    Name    Self CPU %      Self CPU   CPU total %     CPU total  CPU time avg       CPU Mem  Self CPU Mem    # of Calls  
------------------------  ------------  ------------  ------------  ------------  ------------  ------------  ------------  ------------  
             aten::addmm        40.29%        2.184s        61.79%        3.350s     670.000ms       7.72 Gb       7.72 Gb             5  
         aten::clamp_min        29.78%        1.615s        29.78%        1.615s     403.673ms       7.63 Gb       7.63 Gb             4  
------------------------  ------------  ------------  ------------  ------------  ------------  ------------  ------------  ------------  
Self CPU time total: 5.421s


------------------------  ------------  ------------  ------------  ------------  ------------  ------------  ------------  ------------  -------------------------------------------  
                    Name    Self CPU %      Self CPU   CPU total %     CPU total  CPU time avg       CPU Mem  Self CPU Mem    # of Calls                                 Input Shapes  
------------------------  ------------  ------------  ------------  ------------  ------------  ------------  ------------  ------------  -------------------------------------------  
             aten::addmm        33.00%        1.789s        48.59%        2.634s     878.047ms       5.72 Gb       5.72 Gb             3      [[64], [8001600, 64], [64, 64], [], []]  
         aten::clamp_min        29.78%        1.615s        29.78%        1.615s     403.673ms       7.63 Gb       7.63 Gb             4                          [[8001600, 64], []]  
             aten::copy_        20.48%        1.110s        20.48%        1.110s     277.618ms           0 b           0 b             4           [[8001600, 64], [8001600, 64], []]  
         model_inference         7.23%     391.871ms       100.00%        5.421s        5.421s      91.57 Mb     -15.35 Gb             1                                           []  
             aten::addmm         4.76%     258.043ms         5.78%     313.104ms     313.104ms      91.57 Mb      91.57 Mb             1        [[3], [8001600, 64], [64, 3], [], []]  
             aten::addmm         2.54%     137.551ms         7.43%     402.756ms     402.756ms       1.91 Gb       1.91 Gb             1        [[64], [8001600, 3], [3, 64], [], []]  
               aten::cat         1.19%      64.477ms         1.19%      64.477ms      64.477ms      91.57 Mb      91.57 Mb             1                                     [[], []]  
             aten::copy_         1.02%      55.057ms         1.02%      55.057ms      55.057ms           0 b           0 b             1             [[8001600, 3], [8001600, 3], []]  
              aten::relu         0.00%      38.000us        29.78%        1.615s     403.682ms       7.63 Gb           0 b             4                              [[8001600, 64]]  
         aten::transpose         0.00%      37.000us         0.00%      57.000us      19.000us           0 b           0 b             3                           [[64, 64], [], []]  
------------------------  ------------  ------------  ------------  ------------  ------------  ------------  ------------  ------------  -------------------------------------------  
Self CPU time total: 5.421s


'inference' wall-time (seconds): 5.437

	Fluid properties prediction complete

