#################
##  CFD PINN   ##
#################

Setting up geometry...
Geometry summary:
	geom[x_start]: 0
	geom[x_end]: 1
	geom[numx]: 20
	geom[y_start]: 0
	geom[y_end]: 1
	geom[numy]: 20
	geom[t_start]: 0.0
	geom[t_end]: 5.0
	geom[t_dt]: 0.001
	geom[numt]: 5001
	geom[stride]: 1
	Geometry setup completed

DEBUG: PINN device: cpu

DEBUG: threads: 1
Prediction of fluid properties...
	DEBUG: Applying scaler...
	DEBUG: Scaler applied
	DEBUG: len(x): 2000400
	DEBUG: len(y): 2000400
	DEBUG: len(t): 2000400
------------------------  ------------  ------------  ------------  ------------  ------------  ------------  ------------  ------------  
                    Name    Self CPU %      Self CPU   CPU total %     CPU total  CPU time avg       CPU Mem  Self CPU Mem    # of Calls  
------------------------  ------------  ------------  ------------  ------------  ------------  ------------  ------------  ------------  
         model_inference         7.84%      78.946ms       100.00%        1.006s        1.006s      22.89 Mb      -3.84 Gb             1  
            aten::linear         0.00%      46.000us        60.52%     609.035ms     121.807ms       1.93 Gb           0 b             5  
             aten::addmm        32.50%     327.092ms        60.50%     608.863ms     121.773ms       1.93 Gb       1.93 Gb             5  
              aten::relu         0.00%      26.000us        30.09%     302.821ms      75.705ms       1.91 Gb           0 b             4  
         aten::clamp_min        30.09%     302.795ms        30.09%     302.795ms      75.699ms       1.91 Gb       1.91 Gb             4  
             aten::copy_        28.00%     281.750ms        28.00%     281.750ms      56.350ms           0 b           0 b             5  
               aten::cat         1.54%      15.528ms         1.54%      15.528ms      15.528ms      22.89 Mb      22.89 Mb             1  
                 aten::t         0.00%      31.000us         0.01%     126.000us      25.200us           0 b           0 b             5  
         aten::transpose         0.01%      70.000us         0.01%      95.000us      19.000us           0 b           0 b             5  
           aten::reshape         0.00%      24.000us         0.00%      35.000us      11.667us           0 b           0 b             3  
------------------------  ------------  ------------  ------------  ------------  ------------  ------------  ------------  ------------  
Self CPU time total: 1.006s


------------------------  ------------  ------------  ------------  ------------  ------------  ------------  ------------  ------------  
                    Name    Self CPU %      Self CPU   CPU total %     CPU total  CPU time avg       CPU Mem  Self CPU Mem    # of Calls  
------------------------  ------------  ------------  ------------  ------------  ------------  ------------  ------------  ------------  
            aten::linear         0.00%      46.000us        60.52%     609.035ms     121.807ms       1.93 Gb           0 b             5  
             aten::addmm        32.50%     327.092ms        60.50%     608.863ms     121.773ms       1.93 Gb       1.93 Gb             5  
              aten::relu         0.00%      26.000us        30.09%     302.821ms      75.705ms       1.91 Gb           0 b             4  
         aten::clamp_min        30.09%     302.795ms        30.09%     302.795ms      75.699ms       1.91 Gb       1.91 Gb             4  
         model_inference         7.84%      78.946ms       100.00%        1.006s        1.006s      22.89 Mb      -3.84 Gb             1  
               aten::cat         1.54%      15.528ms         1.54%      15.528ms      15.528ms      22.89 Mb      22.89 Mb             1  
           aten::reshape         0.00%      24.000us         0.00%      35.000us      11.667us           0 b           0 b             3  
    aten::_reshape_alias         0.00%      11.000us         0.00%      11.000us       3.667us           0 b           0 b             3  
                 aten::t         0.00%      31.000us         0.01%     126.000us      25.200us           0 b           0 b             5  
         aten::transpose         0.01%      70.000us         0.01%      95.000us      19.000us           0 b           0 b             5  
------------------------  ------------  ------------  ------------  ------------  ------------  ------------  ------------  ------------  
Self CPU time total: 1.006s


------------------------  ------------  ------------  ------------  ------------  ------------  ------------  ------------  ------------  
                    Name    Self CPU %      Self CPU   CPU total %     CPU total  CPU time avg       CPU Mem  Self CPU Mem    # of Calls  
------------------------  ------------  ------------  ------------  ------------  ------------  ------------  ------------  ------------  
             aten::addmm        32.50%     327.092ms        60.50%     608.863ms     121.773ms       1.93 Gb       1.93 Gb             5  
         aten::clamp_min        30.09%     302.795ms        30.09%     302.795ms      75.699ms       1.91 Gb       1.91 Gb             4  
------------------------  ------------  ------------  ------------  ------------  ------------  ------------  ------------  ------------  
Self CPU time total: 1.006s


------------------------  ------------  ------------  ------------  ------------  ------------  ------------  ------------  ------------  -------------------------------------------  
                    Name    Self CPU %      Self CPU   CPU total %     CPU total  CPU time avg       CPU Mem  Self CPU Mem    # of Calls                                 Input Shapes  
------------------------  ------------  ------------  ------------  ------------  ------------  ------------  ------------  ------------  -------------------------------------------  
         aten::clamp_min        30.09%     302.795ms        30.09%     302.795ms      75.699ms       1.91 Gb       1.91 Gb             4                          [[2000400, 64], []]  
             aten::copy_        26.48%     266.467ms        26.48%     266.467ms      66.617ms           0 b           0 b             4           [[2000400, 64], [2000400, 64], []]  
             aten::addmm        24.02%     241.769ms        44.46%     447.436ms     149.145ms       1.43 Gb       1.43 Gb             3      [[64], [2000400, 64], [64, 64], [], []]  
         model_inference         7.84%      78.946ms       100.00%        1.006s        1.006s      22.89 Mb      -3.84 Gb             1                                           []  
             aten::addmm         5.41%      54.492ms         6.93%      69.778ms      69.778ms      22.89 Mb      22.89 Mb             1        [[3], [2000400, 64], [64, 3], [], []]  
             aten::addmm         3.06%      30.831ms         9.11%      91.649ms      91.649ms     488.38 Mb     488.38 Mb             1        [[64], [2000400, 3], [3, 64], [], []]  
               aten::cat         1.54%      15.528ms         1.54%      15.528ms      15.528ms      22.89 Mb      22.89 Mb             1                                     [[], []]  
             aten::copy_         1.52%      15.283ms         1.52%      15.283ms      15.283ms           0 b           0 b             1             [[2000400, 3], [2000400, 3], []]  
         aten::transpose         0.00%      44.000us         0.00%      50.000us      50.000us           0 b           0 b             1                            [[64, 3], [], []]  
              aten::relu         0.00%      26.000us        30.09%     302.821ms      75.705ms       1.91 Gb           0 b             4                              [[2000400, 64]]  
------------------------  ------------  ------------  ------------  ------------  ------------  ------------  ------------  ------------  -------------------------------------------  
Self CPU time total: 1.006s


'inference' wall-time (seconds): 1.021

	Fluid properties prediction complete

