#################
##  CFD PINN   ##
#################

Setting up geometry...
Geometry summary:
	geom[x_start]: 0
	geom[x_end]: 1
	geom[numx]: 20
	geom[y_start]: 0
	geom[y_end]: 1
	geom[numy]: 20
	geom[t_start]: 0.0
	geom[t_end]: 5.0
	geom[t_dt]: 0.005
	geom[numt]: 1001
	geom[stride]: 5
	Geometry setup completed

DEBUG: PINN device: cpu

DEBUG: threads: 1
Prediction of fluid properties...
	DEBUG: Applying scaler...
	DEBUG: Scaler applied
	DEBUG: len(x): 400400
	DEBUG: len(y): 400400
	DEBUG: len(t): 400400
------------------------  ------------  ------------  ------------  ------------  ------------  ------------  ------------  ------------  
                    Name    Self CPU %      Self CPU   CPU total %     CPU total  CPU time avg       CPU Mem  Self CPU Mem    # of Calls  
------------------------  ------------  ------------  ------------  ------------  ------------  ------------  ------------  ------------  
         model_inference         9.77%      16.871ms       100.00%     172.760ms     172.760ms       4.58 Mb    -786.61 Mb             1  
            aten::linear         0.26%     457.000us        58.64%     101.310ms      20.262ms     395.60 Mb           0 b             5  
             aten::addmm        30.22%      52.211ms        58.09%     100.352ms      20.070ms     395.60 Mb     395.60 Mb             5  
              aten::relu         0.14%     238.000us        28.63%      49.458ms      12.364ms     391.02 Mb           0 b             4  
         aten::clamp_min        28.49%      49.220ms        28.49%      49.220ms      12.305ms     391.02 Mb     391.02 Mb             4  
             aten::copy_        27.74%      47.915ms        27.74%      47.915ms       9.583ms           0 b           0 b             5  
               aten::cat         2.51%       4.341ms         2.51%       4.341ms       4.341ms       4.58 Mb       4.58 Mb             1  
           aten::reshape         0.42%     721.000us         0.45%     780.000us     260.000us           0 b           0 b             3  
                 aten::t         0.13%     230.000us         0.29%     501.000us     100.200us           0 b           0 b             5  
         aten::transpose         0.14%     235.000us         0.16%     271.000us      54.200us           0 b           0 b             5  
------------------------  ------------  ------------  ------------  ------------  ------------  ------------  ------------  ------------  
Self CPU time total: 172.760ms


------------------------  ------------  ------------  ------------  ------------  ------------  ------------  ------------  ------------  
                    Name    Self CPU %      Self CPU   CPU total %     CPU total  CPU time avg       CPU Mem  Self CPU Mem    # of Calls  
------------------------  ------------  ------------  ------------  ------------  ------------  ------------  ------------  ------------  
            aten::linear         0.26%     457.000us        58.64%     101.310ms      20.262ms     395.60 Mb           0 b             5  
             aten::addmm        30.22%      52.211ms        58.09%     100.352ms      20.070ms     395.60 Mb     395.60 Mb             5  
              aten::relu         0.14%     238.000us        28.63%      49.458ms      12.364ms     391.02 Mb           0 b             4  
         aten::clamp_min        28.49%      49.220ms        28.49%      49.220ms      12.305ms     391.02 Mb     391.02 Mb             4  
         model_inference         9.77%      16.871ms       100.00%     172.760ms     172.760ms       4.58 Mb    -786.61 Mb             1  
               aten::cat         2.51%       4.341ms         2.51%       4.341ms       4.341ms       4.58 Mb       4.58 Mb             1  
           aten::reshape         0.42%     721.000us         0.45%     780.000us     260.000us           0 b           0 b             3  
    aten::_reshape_alias         0.03%      59.000us         0.03%      59.000us      19.667us           0 b           0 b             3  
                 aten::t         0.13%     230.000us         0.29%     501.000us     100.200us           0 b           0 b             5  
         aten::transpose         0.14%     235.000us         0.16%     271.000us      54.200us           0 b           0 b             5  
------------------------  ------------  ------------  ------------  ------------  ------------  ------------  ------------  ------------  
Self CPU time total: 172.760ms


------------------------  ------------  ------------  ------------  ------------  ------------  ------------  ------------  ------------  
                    Name    Self CPU %      Self CPU   CPU total %     CPU total  CPU time avg       CPU Mem  Self CPU Mem    # of Calls  
------------------------  ------------  ------------  ------------  ------------  ------------  ------------  ------------  ------------  
             aten::addmm        30.22%      52.211ms        58.09%     100.352ms      20.070ms     395.60 Mb     395.60 Mb             5  
         aten::clamp_min        28.49%      49.220ms        28.49%      49.220ms      12.305ms     391.02 Mb     391.02 Mb             4  
------------------------  ------------  ------------  ------------  ------------  ------------  ------------  ------------  ------------  
Self CPU time total: 172.760ms


------------------------  ------------  ------------  ------------  ------------  ------------  ------------  ------------  ------------  ------------------------------------------  
                    Name    Self CPU %      Self CPU   CPU total %     CPU total  CPU time avg       CPU Mem  Self CPU Mem    # of Calls                                Input Shapes  
------------------------  ------------  ------------  ------------  ------------  ------------  ------------  ------------  ------------  ------------------------------------------  
         aten::clamp_min        28.49%      49.220ms        28.49%      49.220ms      12.305ms     391.02 Mb     391.02 Mb             4                          [[400400, 64], []]  
             aten::copy_        25.53%      44.104ms        25.53%      44.104ms      11.026ms           0 b           0 b             4            [[400400, 64], [400400, 64], []]  
             aten::addmm        18.79%      32.468ms        36.06%      62.303ms      20.768ms     293.26 Mb     293.26 Mb             3      [[64], [400400, 64], [64, 64], [], []]  
         model_inference         9.77%      16.871ms       100.00%     172.760ms     172.760ms       4.58 Mb    -786.61 Mb             1                                          []  
             aten::addmm         7.94%      13.710ms        16.32%      28.203ms      28.203ms      97.75 Mb      97.75 Mb             1        [[64], [400400, 3], [3, 64], [], []]  
             aten::addmm         3.49%       6.033ms         5.70%       9.846ms       9.846ms       4.58 Mb       4.58 Mb             1        [[3], [400400, 64], [64, 3], [], []]  
               aten::cat         2.51%       4.341ms         2.51%       4.341ms       4.341ms       4.58 Mb       4.58 Mb             1                                    [[], []]  
             aten::copy_         2.21%       3.811ms         2.21%       3.811ms       3.811ms           0 b           0 b             1              [[400400, 3], [400400, 3], []]  
           aten::reshape         0.42%     721.000us         0.45%     780.000us     260.000us           0 b           0 b             3                              [[400400], []]  
            aten::linear         0.25%     437.000us        16.84%      29.091ms      29.091ms      97.75 Mb           0 b             1                [[400400, 3], [64, 3], [64]]  
------------------------  ------------  ------------  ------------  ------------  ------------  ------------  ------------  ------------  ------------------------------------------  
Self CPU time total: 172.760ms


'inference' wall-time (seconds): 0.190

	Fluid properties prediction complete

