#################
##  CFD PINN   ##
#################

Setting up geometry...
Geometry summary:
	geom[x_start]: 0
	geom[x_end]: 1
	geom[numx]: 80
	geom[y_start]: 0
	geom[y_end]: 1
	geom[numy]: 80
	geom[t_start]: 0.0
	geom[t_end]: 5.0
	geom[t_dt]: 0.001
	geom[numt]: 5001
	geom[stride]: 1
	Geometry setup completed

DEBUG: PINN device: cpu

DEBUG: threads: 1
Prediction of fluid properties...
	DEBUG: Applying scaler...
	DEBUG: Scaler applied
	DEBUG: len(x): 32006400
	DEBUG: len(y): 32006400
	DEBUG: len(t): 32006400
------------------------  ------------  ------------  ------------  ------------  ------------  ------------  ------------  ------------  
                    Name    Self CPU %      Self CPU   CPU total %     CPU total  CPU time avg       CPU Mem  Self CPU Mem    # of Calls  
------------------------  ------------  ------------  ------------  ------------  ------------  ------------  ------------  ------------  
         model_inference         1.49%        2.807s       100.00%      188.952s      188.952s     366.28 Mb     -61.41 Gb             1  
            aten::linear         0.00%       1.181ms        60.19%      113.726s       22.745s      30.88 Gb           0 b             5  
             aten::addmm        55.67%      105.198s        60.19%      113.722s       22.744s      30.88 Gb      30.88 Gb             5  
              aten::relu         0.00%       1.189ms        38.19%       72.161s       18.040s      30.52 Gb           0 b             4  
         aten::clamp_min        38.19%       72.160s        38.19%       72.160s       18.040s      30.52 Gb      30.52 Gb             4  
             aten::copy_         4.51%        8.524s         4.51%        8.524s        1.705s           0 b           0 b             5  
               aten::cat         0.14%     258.118ms         0.14%     258.118ms     258.118ms     366.28 Mb     366.28 Mb             1  
                 aten::t         0.00%     601.000us         0.00%       3.155ms     631.000us           0 b           0 b             5  
         aten::transpose         0.00%       1.984ms         0.00%       2.554ms     510.800us           0 b           0 b             5  
        aten::as_strided         0.00%     951.000us         0.00%     951.000us      95.100us           0 b           0 b            10  
------------------------  ------------  ------------  ------------  ------------  ------------  ------------  ------------  ------------  
Self CPU time total: 188.952s


------------------------  ------------  ------------  ------------  ------------  ------------  ------------  ------------  ------------  
                    Name    Self CPU %      Self CPU   CPU total %     CPU total  CPU time avg       CPU Mem  Self CPU Mem    # of Calls  
------------------------  ------------  ------------  ------------  ------------  ------------  ------------  ------------  ------------  
            aten::linear         0.00%       1.181ms        60.19%      113.726s       22.745s      30.88 Gb           0 b             5  
             aten::addmm        55.67%      105.198s        60.19%      113.722s       22.744s      30.88 Gb      30.88 Gb             5  
              aten::relu         0.00%       1.189ms        38.19%       72.161s       18.040s      30.52 Gb           0 b             4  
         aten::clamp_min        38.19%       72.160s        38.19%       72.160s       18.040s      30.52 Gb      30.52 Gb             4  
         model_inference         1.49%        2.807s       100.00%      188.952s      188.952s     366.28 Mb     -61.41 Gb             1  
               aten::cat         0.14%     258.118ms         0.14%     258.118ms     258.118ms     366.28 Mb     366.28 Mb             1  
           aten::reshape         0.00%      24.000us         0.00%      39.000us      13.000us           0 b           0 b             3  
    aten::_reshape_alias         0.00%      15.000us         0.00%      15.000us       5.000us           0 b           0 b             3  
                 aten::t         0.00%     601.000us         0.00%       3.155ms     631.000us           0 b           0 b             5  
         aten::transpose         0.00%       1.984ms         0.00%       2.554ms     510.800us           0 b           0 b             5  
------------------------  ------------  ------------  ------------  ------------  ------------  ------------  ------------  ------------  
Self CPU time total: 188.952s


------------------------  ------------  ------------  ------------  ------------  ------------  ------------  ------------  ------------  
                    Name    Self CPU %      Self CPU   CPU total %     CPU total  CPU time avg       CPU Mem  Self CPU Mem    # of Calls  
------------------------  ------------  ------------  ------------  ------------  ------------  ------------  ------------  ------------  
             aten::addmm        55.67%      105.198s        60.19%      113.722s       22.744s      30.88 Gb      30.88 Gb             5  
         aten::clamp_min        38.19%       72.160s        38.19%       72.160s       18.040s      30.52 Gb      30.52 Gb             4  
------------------------  ------------  ------------  ------------  ------------  ------------  ------------  ------------  ------------  
Self CPU time total: 188.952s


------------------------  ------------  ------------  ------------  ------------  ------------  ------------  ------------  ------------  --------------------------------------------  
                    Name    Self CPU %      Self CPU   CPU total %     CPU total  CPU time avg       CPU Mem  Self CPU Mem    # of Calls                                  Input Shapes  
------------------------  ------------  ------------  ------------  ------------  ------------  ------------  ------------  ------------  --------------------------------------------  
             aten::addmm        50.06%       94.580s        52.58%       99.352s       33.117s      22.89 Gb      22.89 Gb             3      [[64], [32006400, 64], [64, 64], [], []]  
         aten::clamp_min        38.19%       72.160s        38.19%       72.160s       18.040s      30.52 Gb      30.52 Gb             4                          [[32006400, 64], []]  
             aten::copy_         4.40%        8.308s         4.40%        8.308s        2.077s           0 b           0 b             4          [[32006400, 64], [32006400, 64], []]  
             aten::addmm         4.04%        7.637s         4.16%        7.853s        7.853s     366.28 Mb     366.28 Mb             1        [[3], [32006400, 64], [64, 3], [], []]  
             aten::addmm         1.58%        2.980s         3.45%        6.516s        6.516s       7.63 Gb       7.63 Gb             1        [[64], [32006400, 3], [3, 64], [], []]  
         model_inference         1.49%        2.807s       100.00%      188.952s      188.952s     366.28 Mb     -61.41 Gb             1                                            []  
               aten::cat         0.14%     258.118ms         0.14%     258.118ms     258.118ms     366.28 Mb     366.28 Mb             1                                      [[], []]  
             aten::copy_         0.11%     215.702ms         0.11%     215.702ms     215.702ms           0 b           0 b             1            [[32006400, 3], [32006400, 3], []]  
         aten::transpose         0.00%       1.199ms         0.00%       1.585ms     528.333us           0 b           0 b             3                            [[64, 64], [], []]  
              aten::relu         0.00%       1.189ms        38.19%       72.161s       18.040s      30.52 Gb           0 b             4                              [[32006400, 64]]  
------------------------  ------------  ------------  ------------  ------------  ------------  ------------  ------------  ------------  --------------------------------------------  
Self CPU time total: 188.952s


'inference' wall-time (seconds): 189.029

	Fluid properties prediction complete

