#################
##  CFD PINN   ##
#################

Setting up geometry...
Geometry summary:
	geom[x_start]: 0
	geom[x_end]: 1
	geom[numx]: 80
	geom[y_start]: 0
	geom[y_end]: 1
	geom[numy]: 80
	geom[t_start]: 0.0
	geom[t_end]: 5.0
	geom[t_dt]: 0.005
	geom[numt]: 1001
	geom[stride]: 5
	Geometry setup completed

DEBUG: PINN device: cpu

DEBUG: threads: 1
Prediction of fluid properties...
	DEBUG: Applying scaler...
	DEBUG: Scaler applied
	DEBUG: len(x): 6406400
	DEBUG: len(y): 6406400
	DEBUG: len(t): 6406400
------------------------  ------------  ------------  ------------  ------------  ------------  ------------  ------------  ------------  
                    Name    Self CPU %      Self CPU   CPU total %     CPU total  CPU time avg       CPU Mem  Self CPU Mem    # of Calls  
------------------------  ------------  ------------  ------------  ------------  ------------  ------------  ------------  ------------  
         model_inference         8.38%     391.656ms       100.00%        4.676s        4.676s      73.32 Mb     -12.29 Gb             1  
            aten::linear         0.00%      72.000us        55.72%        2.606s     521.141ms       6.18 Gb           0 b             5  
             aten::addmm        35.46%        1.658s        55.72%        2.605s     521.092ms       6.18 Gb       6.18 Gb             5  
              aten::relu         0.02%     955.000us        34.82%        1.628s     407.035ms       6.11 Gb           0 b             4  
         aten::clamp_min        34.80%        1.627s        34.80%        1.627s     406.796ms       6.11 Gb       6.11 Gb             4  
             aten::copy_        20.26%     947.246ms        20.26%     947.246ms     189.449ms           0 b           0 b             5  
               aten::cat         1.08%      50.576ms         1.08%      50.576ms      50.576ms      73.32 Mb      73.32 Mb             1  
                 aten::t         0.00%      44.000us         0.00%     174.000us      34.800us           0 b           0 b             5  
         aten::transpose         0.00%      80.000us         0.00%     130.000us      26.000us           0 b           0 b             5  
        aten::as_strided         0.00%      52.000us         0.00%      52.000us       5.200us           0 b           0 b            10  
------------------------  ------------  ------------  ------------  ------------  ------------  ------------  ------------  ------------  
Self CPU time total: 4.676s


------------------------  ------------  ------------  ------------  ------------  ------------  ------------  ------------  ------------  
                    Name    Self CPU %      Self CPU   CPU total %     CPU total  CPU time avg       CPU Mem  Self CPU Mem    # of Calls  
------------------------  ------------  ------------  ------------  ------------  ------------  ------------  ------------  ------------  
            aten::linear         0.00%      72.000us        55.72%        2.606s     521.141ms       6.18 Gb           0 b             5  
             aten::addmm        35.46%        1.658s        55.72%        2.605s     521.092ms       6.18 Gb       6.18 Gb             5  
              aten::relu         0.02%     955.000us        34.82%        1.628s     407.035ms       6.11 Gb           0 b             4  
         aten::clamp_min        34.80%        1.627s        34.80%        1.627s     406.796ms       6.11 Gb       6.11 Gb             4  
         model_inference         8.38%     391.656ms       100.00%        4.676s        4.676s      73.32 Mb     -12.29 Gb             1  
               aten::cat         1.08%      50.576ms         1.08%      50.576ms      50.576ms      73.32 Mb      73.32 Mb             1  
           aten::reshape         0.00%      25.000us         0.00%      38.000us      12.667us           0 b           0 b             3  
    aten::_reshape_alias         0.00%      13.000us         0.00%      13.000us       4.333us           0 b           0 b             3  
                 aten::t         0.00%      44.000us         0.00%     174.000us      34.800us           0 b           0 b             5  
         aten::transpose         0.00%      80.000us         0.00%     130.000us      26.000us           0 b           0 b             5  
------------------------  ------------  ------------  ------------  ------------  ------------  ------------  ------------  ------------  
Self CPU time total: 4.676s


------------------------  ------------  ------------  ------------  ------------  ------------  ------------  ------------  ------------  
                    Name    Self CPU %      Self CPU   CPU total %     CPU total  CPU time avg       CPU Mem  Self CPU Mem    # of Calls  
------------------------  ------------  ------------  ------------  ------------  ------------  ------------  ------------  ------------  
             aten::addmm        35.46%        1.658s        55.72%        2.605s     521.092ms       6.18 Gb       6.18 Gb             5  
         aten::clamp_min        34.80%        1.627s        34.80%        1.627s     406.796ms       6.11 Gb       6.11 Gb             4  
------------------------  ------------  ------------  ------------  ------------  ------------  ------------  ------------  ------------  
Self CPU time total: 4.676s


------------------------  ------------  ------------  ------------  ------------  ------------  ------------  ------------  ------------  -------------------------------------------  
                    Name    Self CPU %      Self CPU   CPU total %     CPU total  CPU time avg       CPU Mem  Self CPU Mem    # of Calls                                 Input Shapes  
------------------------  ------------  ------------  ------------  ------------  ------------  ------------  ------------  ------------  -------------------------------------------  
         aten::clamp_min        34.80%        1.627s        34.80%        1.627s     406.796ms       6.11 Gb       6.11 Gb             4                          [[6406400, 64], []]  
             aten::addmm        23.70%        1.108s        37.42%        1.750s     583.205ms       4.58 Gb       4.58 Gb             3      [[64], [6406400, 64], [64, 64], [], []]  
             aten::copy_        19.32%     903.528ms        19.32%     903.528ms     225.882ms           0 b           0 b             4           [[6406400, 64], [6406400, 64], []]  
         model_inference         8.38%     391.656ms       100.00%        4.676s        4.676s      73.32 Mb     -12.29 Gb             1                                           []  
             aten::addmm         5.99%     279.919ms        11.59%     541.937ms     541.937ms       1.53 Gb       1.53 Gb             1        [[64], [6406400, 3], [3, 64], [], []]  
             aten::addmm         5.78%     270.186ms         6.71%     313.908ms     313.908ms      73.32 Mb      73.32 Mb             1        [[3], [6406400, 64], [64, 3], [], []]  
               aten::cat         1.08%      50.576ms         1.08%      50.576ms      50.576ms      73.32 Mb      73.32 Mb             1                                     [[], []]  
             aten::copy_         0.93%      43.718ms         0.93%      43.718ms      43.718ms           0 b           0 b             1             [[6406400, 3], [6406400, 3], []]  
              aten::relu         0.02%     955.000us        34.82%        1.628s     407.035ms       6.11 Gb           0 b             4                              [[6406400, 64]]  
         aten::transpose         0.00%      64.000us         0.00%     104.000us      34.667us           0 b           0 b             3                           [[64, 64], [], []]  
------------------------  ------------  ------------  ------------  ------------  ------------  ------------  ------------  ------------  -------------------------------------------  
Self CPU time total: 4.676s


'inference' wall-time (seconds): 4.693

	Fluid properties prediction complete

