#################
##  CFD PINN   ##
#################

Setting up geometry...
Geometry summary:
	geom[x_start]: 0
	geom[x_end]: 1
	geom[numx]: 80
	geom[y_start]: 0
	geom[y_end]: 1
	geom[numy]: 80
	geom[t_start]: 0.0
	geom[t_end]: 5.0
	geom[t_dt]: 0.002
	geom[numt]: 2501
	geom[stride]: 2
	Geometry setup completed

DEBUG: PINN device: cpu

DEBUG: threads: 1
Prediction of fluid properties...
	DEBUG: Applying scaler...
	DEBUG: Scaler applied
	DEBUG: len(x): 16006400
	DEBUG: len(y): 16006400
	DEBUG: len(t): 16006400
------------------------  ------------  ------------  ------------  ------------  ------------  ------------  ------------  ------------  
                    Name    Self CPU %      Self CPU   CPU total %     CPU total  CPU time avg       CPU Mem  Self CPU Mem    # of Calls  
------------------------  ------------  ------------  ------------  ------------  ------------  ------------  ------------  ------------  
         model_inference         7.80%     661.906ms       100.00%        8.482s        8.482s     183.18 Mb     -30.71 Gb             1  
            aten::linear         0.00%      44.000us        59.49%        5.046s        1.009s      15.44 Gb           0 b             5  
             aten::addmm        31.15%        2.642s        59.49%        5.046s        1.009s      15.44 Gb      15.44 Gb             5  
              aten::relu         0.00%      23.000us        31.21%        2.647s     661.785ms      15.26 Gb           0 b             4  
         aten::clamp_min        31.21%        2.647s        31.21%        2.647s     661.779ms      15.26 Gb      15.26 Gb             4  
             aten::copy_        28.34%        2.404s        28.34%        2.404s     480.788ms           0 b           0 b             5  
               aten::cat         1.49%     126.696ms         1.49%     126.696ms     126.696ms     183.18 Mb     183.18 Mb             1  
                 aten::t         0.00%      41.000us         0.00%     117.000us      23.400us           0 b           0 b             5  
         aten::transpose         0.00%      44.000us         0.00%      76.000us      15.200us           0 b           0 b             5  
           aten::reshape         0.00%      21.000us         0.00%      36.000us      12.000us           0 b           0 b             3  
------------------------  ------------  ------------  ------------  ------------  ------------  ------------  ------------  ------------  
Self CPU time total: 8.482s


------------------------  ------------  ------------  ------------  ------------  ------------  ------------  ------------  ------------  
                    Name    Self CPU %      Self CPU   CPU total %     CPU total  CPU time avg       CPU Mem  Self CPU Mem    # of Calls  
------------------------  ------------  ------------  ------------  ------------  ------------  ------------  ------------  ------------  
            aten::linear         0.00%      44.000us        59.49%        5.046s        1.009s      15.44 Gb           0 b             5  
             aten::addmm        31.15%        2.642s        59.49%        5.046s        1.009s      15.44 Gb      15.44 Gb             5  
              aten::relu         0.00%      23.000us        31.21%        2.647s     661.785ms      15.26 Gb           0 b             4  
         aten::clamp_min        31.21%        2.647s        31.21%        2.647s     661.779ms      15.26 Gb      15.26 Gb             4  
         model_inference         7.80%     661.906ms       100.00%        8.482s        8.482s     183.18 Mb     -30.71 Gb             1  
               aten::cat         1.49%     126.696ms         1.49%     126.696ms     126.696ms     183.18 Mb     183.18 Mb             1  
           aten::reshape         0.00%      21.000us         0.00%      36.000us      12.000us           0 b           0 b             3  
    aten::_reshape_alias         0.00%      15.000us         0.00%      15.000us       5.000us           0 b           0 b             3  
                 aten::t         0.00%      41.000us         0.00%     117.000us      23.400us           0 b           0 b             5  
         aten::transpose         0.00%      44.000us         0.00%      76.000us      15.200us           0 b           0 b             5  
------------------------  ------------  ------------  ------------  ------------  ------------  ------------  ------------  ------------  
Self CPU time total: 8.482s


------------------------  ------------  ------------  ------------  ------------  ------------  ------------  ------------  ------------  
                    Name    Self CPU %      Self CPU   CPU total %     CPU total  CPU time avg       CPU Mem  Self CPU Mem    # of Calls  
------------------------  ------------  ------------  ------------  ------------  ------------  ------------  ------------  ------------  
         aten::clamp_min        31.21%        2.647s        31.21%        2.647s     661.779ms      15.26 Gb      15.26 Gb             4  
             aten::addmm        31.15%        2.642s        59.49%        5.046s        1.009s      15.44 Gb      15.44 Gb             5  
------------------------  ------------  ------------  ------------  ------------  ------------  ------------  ------------  ------------  
Self CPU time total: 8.482s


------------------------  ------------  ------------  ------------  ------------  ------------  ------------  ------------  ------------  --------------------------------------------  
                    Name    Self CPU %      Self CPU   CPU total %     CPU total  CPU time avg       CPU Mem  Self CPU Mem    # of Calls                                  Input Shapes  
------------------------  ------------  ------------  ------------  ------------  ------------  ------------  ------------  ------------  --------------------------------------------  
         aten::clamp_min        31.21%        2.647s        31.21%        2.647s     661.779ms      15.26 Gb      15.26 Gb             4                          [[16006400, 64], []]  
             aten::copy_        26.94%        2.285s        26.94%        2.285s     571.319ms           0 b           0 b             4          [[16006400, 64], [16006400, 64], []]  
             aten::addmm        22.39%        1.899s        42.72%        3.623s        1.208s      11.45 Gb      11.45 Gb             3      [[64], [16006400, 64], [64, 64], [], []]  
         model_inference         7.80%     661.906ms       100.00%        8.482s        8.482s     183.18 Mb     -30.71 Gb             1                                            []  
             aten::addmm         5.71%     484.647ms         7.11%     603.315ms     603.315ms     183.18 Mb     183.18 Mb             1        [[3], [16006400, 64], [64, 3], [], []]  
             aten::addmm         3.05%     258.430ms         9.66%     819.704ms     819.704ms       3.82 Gb       3.82 Gb             1        [[64], [16006400, 3], [3, 64], [], []]  
               aten::cat         1.49%     126.696ms         1.49%     126.696ms     126.696ms     183.18 Mb     183.18 Mb             1                                      [[], []]  
             aten::copy_         1.40%     118.664ms         1.40%     118.664ms     118.664ms           0 b           0 b             1            [[16006400, 3], [16006400, 3], []]  
         aten::transpose         0.00%      26.000us         0.00%      44.000us      14.667us           0 b           0 b             3                            [[64, 64], [], []]  
            aten::linear         0.00%      24.000us        42.72%        3.623s        1.208s      11.45 Gb           0 b             3              [[16006400, 64], [64, 64], [64]]  
------------------------  ------------  ------------  ------------  ------------  ------------  ------------  ------------  ------------  --------------------------------------------  
Self CPU time total: 8.482s


'inference' wall-time (seconds): 8.497

	Fluid properties prediction complete

