#################
##  CFD PINN   ##
#################

Setting up geometry...
Geometry summary:
	geom[x_start]: 0
	geom[x_end]: 1
	geom[numx]: 20
	geom[y_start]: 0
	geom[y_end]: 1
	geom[numy]: 20
	geom[t_start]: 0.0
	geom[t_end]: 5.0
	geom[t_dt]: 0.002
	geom[numt]: 2501
	geom[stride]: 2
	Geometry setup completed

DEBUG: PINN device: cpu

DEBUG: threads: 1
Prediction of fluid properties...
	DEBUG: Applying scaler...
	DEBUG: Scaler applied
	DEBUG: len(x): 1000400
	DEBUG: len(y): 1000400
	DEBUG: len(t): 1000400
------------------------  ------------  ------------  ------------  ------------  ------------  ------------  ------------  ------------  
                    Name    Self CPU %      Self CPU   CPU total %     CPU total  CPU time avg       CPU Mem  Self CPU Mem    # of Calls  
------------------------  ------------  ------------  ------------  ------------  ------------  ------------  ------------  ------------  
         model_inference         6.91%      30.308ms       100.00%     438.353ms     438.353ms      11.45 Mb      -1.92 Gb             1  
            aten::linear         0.01%      37.000us        59.68%     261.614ms      52.323ms     988.40 Mb           0 b             5  
             aten::addmm        29.42%     128.980ms        59.66%     261.500ms      52.300ms     988.40 Mb     988.40 Mb             5  
              aten::relu         0.00%      21.000us        31.57%     138.386ms      34.596ms     976.95 Mb           0 b             4  
         aten::clamp_min        31.56%     138.365ms        31.56%     138.365ms      34.591ms     976.95 Mb     976.95 Mb             4  
             aten::copy_        30.23%     132.499ms        30.23%     132.499ms      26.500ms           0 b           0 b             5  
               aten::cat         1.83%       8.011ms         1.83%       8.011ms       8.011ms      11.45 Mb      11.45 Mb             1  
                 aten::t         0.00%      21.000us         0.02%      77.000us      15.400us           0 b           0 b             5  
         aten::transpose         0.01%      39.000us         0.01%      50.000us      10.000us           0 b           0 b             5  
           aten::reshape         0.01%      23.000us         0.01%      34.000us      11.333us           0 b           0 b             3  
------------------------  ------------  ------------  ------------  ------------  ------------  ------------  ------------  ------------  
Self CPU time total: 438.353ms


------------------------  ------------  ------------  ------------  ------------  ------------  ------------  ------------  ------------  
                    Name    Self CPU %      Self CPU   CPU total %     CPU total  CPU time avg       CPU Mem  Self CPU Mem    # of Calls  
------------------------  ------------  ------------  ------------  ------------  ------------  ------------  ------------  ------------  
            aten::linear         0.01%      37.000us        59.68%     261.614ms      52.323ms     988.40 Mb           0 b             5  
             aten::addmm        29.42%     128.980ms        59.66%     261.500ms      52.300ms     988.40 Mb     988.40 Mb             5  
              aten::relu         0.00%      21.000us        31.57%     138.386ms      34.596ms     976.95 Mb           0 b             4  
         aten::clamp_min        31.56%     138.365ms        31.56%     138.365ms      34.591ms     976.95 Mb     976.95 Mb             4  
         model_inference         6.91%      30.308ms       100.00%     438.353ms     438.353ms      11.45 Mb      -1.92 Gb             1  
               aten::cat         1.83%       8.011ms         1.83%       8.011ms       8.011ms      11.45 Mb      11.45 Mb             1  
           aten::reshape         0.01%      23.000us         0.01%      34.000us      11.333us           0 b           0 b             3  
    aten::_reshape_alias         0.00%      11.000us         0.00%      11.000us       3.667us           0 b           0 b             3  
                 aten::t         0.00%      21.000us         0.02%      77.000us      15.400us           0 b           0 b             5  
         aten::transpose         0.01%      39.000us         0.01%      50.000us      10.000us           0 b           0 b             5  
------------------------  ------------  ------------  ------------  ------------  ------------  ------------  ------------  ------------  
Self CPU time total: 438.353ms


------------------------  ------------  ------------  ------------  ------------  ------------  ------------  ------------  ------------  
                    Name    Self CPU %      Self CPU   CPU total %     CPU total  CPU time avg       CPU Mem  Self CPU Mem    # of Calls  
------------------------  ------------  ------------  ------------  ------------  ------------  ------------  ------------  ------------  
         aten::clamp_min        31.56%     138.365ms        31.56%     138.365ms      34.591ms     976.95 Mb     976.95 Mb             4  
             aten::copy_        30.23%     132.499ms        30.23%     132.499ms      26.500ms           0 b           0 b             5  
------------------------  ------------  ------------  ------------  ------------  ------------  ------------  ------------  ------------  
Self CPU time total: 438.353ms


------------------------  ------------  ------------  ------------  ------------  ------------  ------------  ------------  ------------  -------------------------------------------  
                    Name    Self CPU %      Self CPU   CPU total %     CPU total  CPU time avg       CPU Mem  Self CPU Mem    # of Calls                                 Input Shapes  
------------------------  ------------  ------------  ------------  ------------  ------------  ------------  ------------  ------------  -------------------------------------------  
         aten::clamp_min        31.56%     138.365ms        31.56%     138.365ms      34.591ms     976.95 Mb     976.95 Mb             4                          [[1000400, 64], []]  
             aten::copy_        28.67%     125.662ms        28.67%     125.662ms      31.416ms           0 b           0 b             4           [[1000400, 64], [1000400, 64], []]  
             aten::addmm        21.82%      95.627ms        43.55%     190.901ms      63.634ms     732.71 Mb     732.71 Mb             3      [[64], [1000400, 64], [64, 64], [], []]  
         model_inference         6.91%      30.308ms       100.00%     438.353ms     438.353ms      11.45 Mb      -1.92 Gb             1                                           []  
             aten::addmm         4.95%      21.715ms         6.51%      28.555ms      28.555ms      11.45 Mb      11.45 Mb             1        [[3], [1000400, 64], [64, 3], [], []]  
             aten::addmm         2.65%      11.638ms         9.59%      42.044ms      42.044ms     244.24 Mb     244.24 Mb             1        [[64], [1000400, 3], [3, 64], [], []]  
               aten::cat         1.83%       8.011ms         1.83%       8.011ms       8.011ms      11.45 Mb      11.45 Mb             1                                     [[], []]  
             aten::copy_         1.56%       6.837ms         1.56%       6.837ms       6.837ms           0 b           0 b             1             [[1000400, 3], [1000400, 3], []]  
           aten::reshape         0.01%      23.000us         0.01%      34.000us      11.333us           0 b           0 b             3                              [[1000400], []]  
              aten::relu         0.00%      21.000us        31.57%     138.386ms      34.596ms     976.95 Mb           0 b             4                              [[1000400, 64]]  
------------------------  ------------  ------------  ------------  ------------  ------------  ------------  ------------  ------------  -------------------------------------------  
Self CPU time total: 438.353ms


'inference' wall-time (seconds): 0.453

	Fluid properties prediction complete

