Loading python/3.10.8-gpu
  Loading requirement: gcc/8.2.0 nvidia/nvhpc-nompi/22.2 openmpi/4.1.4-cuda-11.6
Matplotlib created a temporary config/cache directory at /dev/shm/z2137380_4445840/matplotlib-s049yc73 because the default path (/home/mdisspt/mdisspt/z2137380/.config/matplotlib) is not a writable directory; it is highly recommended to set the MPLCONFIGDIR environment variable to a writable directory, in particular to speed up the import of Matplotlib and to better support multiprocessing.
STAGE:2023-06-12 20:00:05 1184197:1184197 ActivityProfilerController.cpp:311] Completed Stage: Warm Up
STAGE:2023-06-12 20:00:48 1184197:1184197 ActivityProfilerController.cpp:317] Completed Stage: Collection
STAGE:2023-06-12 20:00:48 1184197:1184197 ActivityProfilerController.cpp:321] Completed Stage: Post Processing
#################
##  CFD PINN   ##
#################

Setting up geometry...
Geometry summary:
	geom[x_start]: 0
	geom[x_end]: 1
	geom[numx]: 100
	geom[y_start]: 0
	geom[y_end]: 1
	geom[numy]: 100
	geom[t_start]: 0.0
	geom[t_end]: 5.0
	geom[t_dt]: 0.001
	geom[numt]: 5001
	geom[stride]: 1
	Geometry setup completed

Prediction of fluid properties...
	DEBUG: Applying scaler...
	DEBUG: Scaler applied
	DEBUG: len(x): 50010000
	DEBUG: len(y): 50010000
	DEBUG: len(t): 50010000
------------------------  ------------  ------------  ------------  ------------  ------------  ------------  ------------  ------------  
                    Name    Self CPU %      Self CPU   CPU total %     CPU total  CPU time avg       CPU Mem  Self CPU Mem    # of Calls  
------------------------  ------------  ------------  ------------  ------------  ------------  ------------  ------------  ------------  
         model_inference         0.90%     381.308ms       100.00%       42.411s       42.411s     572.32 Mb     -95.95 Gb             1  
            aten::linear         0.02%       9.877ms        62.31%       26.426s        5.285s      48.25 Gb           0 b             5  
             aten::addmm        34.14%       14.481s        62.02%       26.302s        5.260s      48.25 Gb      48.25 Gb             5  
              aten::relu         0.10%      42.263ms        34.95%       14.823s        3.706s      47.69 Gb           0 b             4  
         aten::clamp_min        34.85%       14.781s        34.85%       14.781s        3.695s      47.69 Gb      47.69 Gb             4  
             aten::copy_        27.74%       11.764s        27.74%       11.764s        2.353s           0 b           0 b             5  
               aten::cat         1.79%     759.463ms         1.79%     759.463ms     759.463ms     572.32 Mb     572.32 Mb             1  
                 aten::t         0.01%       5.273ms         0.27%     114.068ms      22.814ms           0 b           0 b             5  
         aten::transpose         0.25%     105.871ms         0.26%     108.795ms      21.759ms           0 b           0 b             5  
      aten::resolve_conj         0.08%      33.993ms         0.08%      33.993ms       3.399ms           0 b           0 b            10  
------------------------  ------------  ------------  ------------  ------------  ------------  ------------  ------------  ------------  
Self CPU time total: 42.411s


------------------------  ------------  ------------  ------------  ------------  ------------  ------------  ------------  ------------  
                    Name    Self CPU %      Self CPU   CPU total %     CPU total  CPU time avg       CPU Mem  Self CPU Mem    # of Calls  
------------------------  ------------  ------------  ------------  ------------  ------------  ------------  ------------  ------------  
            aten::linear         0.02%       9.877ms        62.31%       26.426s        5.285s      48.25 Gb           0 b             5  
             aten::addmm        34.14%       14.481s        62.02%       26.302s        5.260s      48.25 Gb      48.25 Gb             5  
              aten::relu         0.10%      42.263ms        34.95%       14.823s        3.706s      47.69 Gb           0 b             4  
         aten::clamp_min        34.85%       14.781s        34.85%       14.781s        3.695s      47.69 Gb      47.69 Gb             4  
         model_inference         0.90%     381.308ms       100.00%       42.411s       42.411s     572.32 Mb     -95.95 Gb             1  
               aten::cat         1.79%     759.463ms         1.79%     759.463ms     759.463ms     572.32 Mb     572.32 Mb             1  
           aten::reshape         0.01%       3.347ms         0.05%      21.678ms       7.226ms           0 b           0 b             3  
    aten::_reshape_alias         0.04%      18.331ms         0.04%      18.331ms       6.110ms           0 b           0 b             3  
                 aten::t         0.01%       5.273ms         0.27%     114.068ms      22.814ms           0 b           0 b             5  
         aten::transpose         0.25%     105.871ms         0.26%     108.795ms      21.759ms           0 b           0 b             5  
------------------------  ------------  ------------  ------------  ------------  ------------  ------------  ------------  ------------  
Self CPU time total: 42.411s


------------------------  ------------  ------------  ------------  ------------  ------------  ------------  ------------  ------------  
                    Name    Self CPU %      Self CPU   CPU total %     CPU total  CPU time avg       CPU Mem  Self CPU Mem    # of Calls  
------------------------  ------------  ------------  ------------  ------------  ------------  ------------  ------------  ------------  
         aten::clamp_min        34.85%       14.781s        34.85%       14.781s        3.695s      47.69 Gb      47.69 Gb             4  
             aten::addmm        34.14%       14.481s        62.02%       26.302s        5.260s      48.25 Gb      48.25 Gb             5  
------------------------  ------------  ------------  ------------  ------------  ------------  ------------  ------------  ------------  
Self CPU time total: 42.411s


------------------------  ------------  ------------  ------------  ------------  ------------  ------------  ------------  ------------  --------------------------------------------  
                    Name    Self CPU %      Self CPU   CPU total %     CPU total  CPU time avg       CPU Mem  Self CPU Mem    # of Calls                                  Input Shapes  
------------------------  ------------  ------------  ------------  ------------  ------------  ------------  ------------  ------------  --------------------------------------------  
         aten::clamp_min        34.85%       14.781s        34.85%       14.781s        3.695s      47.69 Gb      47.69 Gb             4                          [[50010000, 64], []]  
             aten::copy_        27.00%       11.450s        27.00%       11.450s        2.863s           0 b           0 b             4          [[50010000, 64], [50010000, 64], []]  
             aten::addmm        25.68%       10.892s        45.92%       19.475s        6.492s      35.77 Gb      35.77 Gb             3      [[64], [50010000, 64], [64, 64], [], []]  
             aten::addmm         4.73%        2.005s         5.47%        2.319s        2.319s     572.32 Mb     572.32 Mb             1        [[3], [50010000, 64], [64, 3], [], []]  
             aten::addmm         3.74%        1.584s        10.63%        4.508s        4.508s      11.92 Gb      11.92 Gb             1        [[64], [50010000, 3], [3, 64], [], []]  
               aten::cat         1.79%     759.463ms         1.79%     759.463ms     759.463ms     572.32 Mb     572.32 Mb             1                                      [[], []]  
         model_inference         0.90%     381.308ms       100.00%       42.411s       42.411s     572.32 Mb     -95.95 Gb             1                                            []  
             aten::copy_         0.74%     313.925ms         0.74%     313.925ms     313.925ms           0 b           0 b             1            [[50010000, 3], [50010000, 3], []]  
         aten::transpose         0.25%     104.972ms         0.25%     106.932ms      35.644ms           0 b           0 b             3                            [[64, 64], [], []]  
              aten::relu         0.10%      42.263ms        34.95%       14.823s        3.706s      47.69 Gb           0 b             4                              [[50010000, 64]]  
------------------------  ------------  ------------  ------------  ------------  ------------  ------------  ------------  ------------  --------------------------------------------  
Self CPU time total: 42.411s


'inference' wall-time (seconds): 44.055

	Fluid properties prediction complete

