Loading python/3.10.8-gpu
  Loading requirement: gcc/8.2.0 nvidia/nvhpc-nompi/22.2 openmpi/4.1.4-cuda-11.6
Matplotlib created a temporary config/cache directory at /dev/shm/z2137380_4445839/matplotlib-7i3azs65 because the default path (/home/mdisspt/mdisspt/z2137380/.config/matplotlib) is not a writable directory; it is highly recommended to set the MPLCONFIGDIR environment variable to a writable directory, in particular to speed up the import of Matplotlib and to better support multiprocessing.
STAGE:2023-06-12 20:00:04 639935:639935 ActivityProfilerController.cpp:311] Completed Stage: Warm Up
STAGE:2023-06-12 20:01:01 639935:639935 ActivityProfilerController.cpp:317] Completed Stage: Collection
STAGE:2023-06-12 20:01:01 639935:639935 ActivityProfilerController.cpp:321] Completed Stage: Post Processing
ERROR:2023-06-12 20:01:01 639935:639935 CudaDeviceProperties.cpp:27] cudaGetDeviceCount failed with code 35
#################
##  CFD PINN   ##
#################

Setting up geometry...
Geometry summary:
	geom[x_start]: 0
	geom[x_end]: 1
	geom[numx]: 100
	geom[y_start]: 0
	geom[y_end]: 1
	geom[numy]: 100
	geom[t_start]: 0.0
	geom[t_end]: 5.0
	geom[t_dt]: 0.001
	geom[numt]: 5001
	geom[stride]: 1
	Geometry setup completed

Prediction of fluid properties...
	DEBUG: Applying scaler...
	DEBUG: Scaler applied
	DEBUG: len(x): 50010000
	DEBUG: len(y): 50010000
	DEBUG: len(t): 50010000
------------------------  ------------  ------------  ------------  ------------  ------------  ------------  ------------  ------------  
                    Name    Self CPU %      Self CPU   CPU total %     CPU total  CPU time avg       CPU Mem  Self CPU Mem    # of Calls  
------------------------  ------------  ------------  ------------  ------------  ------------  ------------  ------------  ------------  
         model_inference         0.96%     543.226ms       100.00%       56.363s       56.363s     572.32 Mb     -95.95 Gb             1  
            aten::linear         0.05%      29.571ms        65.99%       37.196s        7.439s      48.25 Gb           0 b             5  
             aten::addmm        41.36%       23.312s        65.77%       37.073s        7.415s      48.25 Gb      48.25 Gb             5  
              aten::relu         0.00%       2.682ms        31.36%       17.673s        4.418s      47.69 Gb           0 b             4  
         aten::clamp_min        31.35%       17.671s        31.35%       17.671s        4.418s      47.69 Gb      47.69 Gb             4  
             aten::copy_        24.27%       13.677s        24.27%       13.677s        2.735s           0 b           0 b             5  
               aten::cat         1.53%     862.272ms         1.53%     862.272ms     862.272ms     572.32 Mb     572.32 Mb             1  
                 aten::t         0.06%      33.519ms         0.17%      94.184ms      18.837ms           0 b           0 b             5  
           aten::reshape         0.06%      35.885ms         0.16%      87.890ms      29.297ms           0 b           0 b             3  
         aten::transpose         0.09%      50.177ms         0.11%      60.665ms      12.133ms           0 b           0 b             5  
------------------------  ------------  ------------  ------------  ------------  ------------  ------------  ------------  ------------  
Self CPU time total: 56.363s


------------------------  ------------  ------------  ------------  ------------  ------------  ------------  ------------  ------------  
                    Name    Self CPU %      Self CPU   CPU total %     CPU total  CPU time avg       CPU Mem  Self CPU Mem    # of Calls  
------------------------  ------------  ------------  ------------  ------------  ------------  ------------  ------------  ------------  
            aten::linear         0.05%      29.571ms        65.99%       37.196s        7.439s      48.25 Gb           0 b             5  
             aten::addmm        41.36%       23.312s        65.77%       37.073s        7.415s      48.25 Gb      48.25 Gb             5  
              aten::relu         0.00%       2.682ms        31.36%       17.673s        4.418s      47.69 Gb           0 b             4  
         aten::clamp_min        31.35%       17.671s        31.35%       17.671s        4.418s      47.69 Gb      47.69 Gb             4  
         model_inference         0.96%     543.226ms       100.00%       56.363s       56.363s     572.32 Mb     -95.95 Gb             1  
               aten::cat         1.53%     862.272ms         1.53%     862.272ms     862.272ms     572.32 Mb     572.32 Mb             1  
           aten::reshape         0.06%      35.885ms         0.16%      87.890ms      29.297ms           0 b           0 b             3  
    aten::_reshape_alias         0.09%      52.005ms         0.09%      52.005ms      17.335ms           0 b           0 b             3  
                 aten::t         0.06%      33.519ms         0.17%      94.184ms      18.837ms           0 b           0 b             5  
         aten::transpose         0.09%      50.177ms         0.11%      60.665ms      12.133ms           0 b           0 b             5  
------------------------  ------------  ------------  ------------  ------------  ------------  ------------  ------------  ------------  
Self CPU time total: 56.363s


------------------------  ------------  ------------  ------------  ------------  ------------  ------------  ------------  ------------  
                    Name    Self CPU %      Self CPU   CPU total %     CPU total  CPU time avg       CPU Mem  Self CPU Mem    # of Calls  
------------------------  ------------  ------------  ------------  ------------  ------------  ------------  ------------  ------------  
             aten::addmm        41.36%       23.312s        65.77%       37.073s        7.415s      48.25 Gb      48.25 Gb             5  
         aten::clamp_min        31.35%       17.671s        31.35%       17.671s        4.418s      47.69 Gb      47.69 Gb             4  
------------------------  ------------  ------------  ------------  ------------  ------------  ------------  ------------  ------------  
Self CPU time total: 56.363s


------------------------  ------------  ------------  ------------  ------------  ------------  ------------  ------------  ------------  --------------------------------------------  
                    Name    Self CPU %      Self CPU   CPU total %     CPU total  CPU time avg       CPU Mem  Self CPU Mem    # of Calls                                  Input Shapes  
------------------------  ------------  ------------  ------------  ------------  ------------  ------------  ------------  ------------  --------------------------------------------  
             aten::addmm        34.30%       19.331s        52.03%       29.327s        9.776s      35.77 Gb      35.77 Gb             3      [[64], [50010000, 64], [64, 64], [], []]  
         aten::clamp_min        31.35%       17.671s        31.35%       17.671s        4.418s      47.69 Gb      47.69 Gb             4                          [[50010000, 64], []]  
             aten::copy_        23.75%       13.384s        23.75%       13.384s        3.346s           0 b           0 b             4          [[50010000, 64], [50010000, 64], []]  
             aten::addmm         3.94%        2.221s        10.10%        5.694s        5.694s      11.92 Gb      11.92 Gb             1        [[64], [50010000, 3], [3, 64], [], []]  
             aten::addmm         3.12%        1.759s         3.64%        2.052s        2.052s     572.32 Mb     572.32 Mb             1        [[3], [50010000, 64], [64, 3], [], []]  
               aten::cat         1.53%     862.272ms         1.53%     862.272ms     862.272ms     572.32 Mb     572.32 Mb             1                                      [[], []]  
         model_inference         0.96%     543.226ms       100.00%       56.363s       56.363s     572.32 Mb     -95.95 Gb             1                                            []  
             aten::copy_         0.52%     292.543ms         0.52%     292.543ms     292.543ms           0 b           0 b             1            [[50010000, 3], [50010000, 3], []]  
    aten::_reshape_alias         0.09%      52.005ms         0.09%      52.005ms      17.335ms           0 b           0 b             3                          [[50010000], [], []]  
            aten::expand         0.09%      48.803ms         0.09%      48.815ms      12.204ms           0 b           0 b             4                                [[64], [], []]  
------------------------  ------------  ------------  ------------  ------------  ------------  ------------  ------------  ------------  --------------------------------------------  
Self CPU time total: 56.363s


'inference' wall-time (seconds): 57.034

	Fluid properties prediction complete

