Loading python/3.10.8-gpu
  Loading requirement: gcc/8.2.0 nvidia/nvhpc-nompi/22.2 openmpi/4.1.4-cuda-11.6
Matplotlib created a temporary config/cache directory at /dev/shm/z2137380_4445903/matplotlib-zx94hp_t because the default path (/home/mdisspt/mdisspt/z2137380/.config/matplotlib) is not a writable directory; it is highly recommended to set the MPLCONFIGDIR environment variable to a writable directory, in particular to speed up the import of Matplotlib and to better support multiprocessing.
STAGE:2023-06-12 20:40:08 1185169:1185169 ActivityProfilerController.cpp:311] Completed Stage: Warm Up
STAGE:2023-06-12 20:40:50 1185169:1185169 ActivityProfilerController.cpp:317] Completed Stage: Collection
STAGE:2023-06-12 20:40:50 1185169:1185169 ActivityProfilerController.cpp:321] Completed Stage: Post Processing
#################
##  CFD PINN   ##
#################

Setting up geometry...
Geometry summary:
	geom[x_start]: 0
	geom[x_end]: 1
	geom[numx]: 100
	geom[y_start]: 0
	geom[y_end]: 1
	geom[numy]: 100
	geom[t_start]: 0.0
	geom[t_end]: 5.0
	geom[t_dt]: 0.001
	geom[numt]: 5001
	geom[stride]: 1
	Geometry setup completed

Prediction of fluid properties...
	DEBUG: Applying scaler...
	DEBUG: Scaler applied
	DEBUG: len(x): 50010000
	DEBUG: len(y): 50010000
	DEBUG: len(t): 50010000
------------------------  ------------  ------------  ------------  ------------  ------------  ------------  ------------  ------------  
                    Name    Self CPU %      Self CPU   CPU total %     CPU total  CPU time avg       CPU Mem  Self CPU Mem    # of Calls  
------------------------  ------------  ------------  ------------  ------------  ------------  ------------  ------------  ------------  
         model_inference         1.24%     524.432ms       100.00%       42.146s       42.146s     572.32 Mb     -95.95 Gb             1  
            aten::linear         0.17%      70.683ms        62.27%       26.244s        5.249s      48.25 Gb           0 b             5  
             aten::addmm        33.90%       14.289s        61.95%       26.108s        5.222s      48.25 Gb      48.25 Gb             5  
              aten::relu         0.06%      25.035ms        34.39%       14.493s        3.623s      47.69 Gb           0 b             4  
         aten::clamp_min        34.33%       14.468s        34.33%       14.468s        3.617s      47.69 Gb      47.69 Gb             4  
             aten::copy_        27.95%       11.780s        27.95%       11.780s        2.356s           0 b           0 b             5  
               aten::cat         1.91%     806.511ms         1.91%     806.511ms     806.511ms     572.32 Mb     572.32 Mb             1  
           aten::reshape         0.06%      25.399ms         0.19%      78.466ms      26.155ms           0 b           0 b             3  
                 aten::t         0.08%      32.579ms         0.15%      65.150ms      13.030ms           0 b           0 b             5  
    aten::_reshape_alias         0.13%      53.067ms         0.13%      53.067ms      17.689ms           0 b           0 b             3  
------------------------  ------------  ------------  ------------  ------------  ------------  ------------  ------------  ------------  
Self CPU time total: 42.146s


------------------------  ------------  ------------  ------------  ------------  ------------  ------------  ------------  ------------  
                    Name    Self CPU %      Self CPU   CPU total %     CPU total  CPU time avg       CPU Mem  Self CPU Mem    # of Calls  
------------------------  ------------  ------------  ------------  ------------  ------------  ------------  ------------  ------------  
            aten::linear         0.17%      70.683ms        62.27%       26.244s        5.249s      48.25 Gb           0 b             5  
             aten::addmm        33.90%       14.289s        61.95%       26.108s        5.222s      48.25 Gb      48.25 Gb             5  
              aten::relu         0.06%      25.035ms        34.39%       14.493s        3.623s      47.69 Gb           0 b             4  
         aten::clamp_min        34.33%       14.468s        34.33%       14.468s        3.617s      47.69 Gb      47.69 Gb             4  
         model_inference         1.24%     524.432ms       100.00%       42.146s       42.146s     572.32 Mb     -95.95 Gb             1  
               aten::cat         1.91%     806.511ms         1.91%     806.511ms     806.511ms     572.32 Mb     572.32 Mb             1  
           aten::reshape         0.06%      25.399ms         0.19%      78.466ms      26.155ms           0 b           0 b             3  
    aten::_reshape_alias         0.13%      53.067ms         0.13%      53.067ms      17.689ms           0 b           0 b             3  
                 aten::t         0.08%      32.579ms         0.15%      65.150ms      13.030ms           0 b           0 b             5  
         aten::transpose         0.05%      21.705ms         0.08%      32.571ms       6.514ms           0 b           0 b             5  
------------------------  ------------  ------------  ------------  ------------  ------------  ------------  ------------  ------------  
Self CPU time total: 42.146s


------------------------  ------------  ------------  ------------  ------------  ------------  ------------  ------------  ------------  
                    Name    Self CPU %      Self CPU   CPU total %     CPU total  CPU time avg       CPU Mem  Self CPU Mem    # of Calls  
------------------------  ------------  ------------  ------------  ------------  ------------  ------------  ------------  ------------  
         aten::clamp_min        34.33%       14.468s        34.33%       14.468s        3.617s      47.69 Gb      47.69 Gb             4  
             aten::addmm        33.90%       14.289s        61.95%       26.108s        5.222s      48.25 Gb      48.25 Gb             5  
------------------------  ------------  ------------  ------------  ------------  ------------  ------------  ------------  ------------  
Self CPU time total: 42.146s


------------------------  ------------  ------------  ------------  ------------  ------------  ------------  ------------  ------------  --------------------------------------------  
                    Name    Self CPU %      Self CPU   CPU total %     CPU total  CPU time avg       CPU Mem  Self CPU Mem    # of Calls                                  Input Shapes  
------------------------  ------------  ------------  ------------  ------------  ------------  ------------  ------------  ------------  --------------------------------------------  
         aten::clamp_min        34.33%       14.468s        34.33%       14.468s        3.617s      47.69 Gb      47.69 Gb             4                          [[50010000, 64], []]  
             aten::copy_        27.21%       11.469s        27.21%       11.469s        2.867s           0 b           0 b             4          [[50010000, 64], [50010000, 64], []]  
             aten::addmm        25.52%       10.754s        45.82%       19.312s        6.437s      35.77 Gb      35.77 Gb             3      [[64], [50010000, 64], [64, 64], [], []]  
             aten::addmm         4.67%        1.970s         5.41%        2.281s        2.281s     572.32 Mb     572.32 Mb             1        [[3], [50010000, 64], [64, 3], [], []]  
             aten::addmm         3.71%        1.564s        10.71%        4.515s        4.515s      11.92 Gb      11.92 Gb             1        [[64], [50010000, 3], [3, 64], [], []]  
               aten::cat         1.91%     806.511ms         1.91%     806.511ms     806.511ms     572.32 Mb     572.32 Mb             1                                      [[], []]  
         model_inference         1.24%     524.432ms       100.00%       42.146s       42.146s     572.32 Mb     -95.95 Gb             1                                            []  
             aten::copy_         0.74%     310.469ms         0.74%     310.469ms     310.469ms           0 b           0 b             1            [[50010000, 3], [50010000, 3], []]  
    aten::_reshape_alias         0.13%      53.067ms         0.13%      53.067ms      17.689ms           0 b           0 b             3                          [[50010000], [], []]  
            aten::linear         0.12%      51.394ms        10.93%        4.607s        4.607s      11.92 Gb           0 b             1                [[50010000, 3], [64, 3], [64]]  
------------------------  ------------  ------------  ------------  ------------  ------------  ------------  ------------  ------------  --------------------------------------------  
Self CPU time total: 42.146s


'inference' wall-time (seconds): 43.962

	Fluid properties prediction complete

