STAGE:2023-06-12 19:24:01 6362:14595176 ActivityProfilerController.cpp:311] Completed Stage: Warm Up
STAGE:2023-06-12 19:24:02 6362:14595176 ActivityProfilerController.cpp:317] Completed Stage: Collection
STAGE:2023-06-12 19:24:02 6362:14595176 ActivityProfilerController.cpp:321] Completed Stage: Post Processing
#################
##  CFD PINN   ##
#################

Setting up geometry...
Geometry summary:
	geom[x_start]: 0
	geom[x_end]: 1
	geom[numx]: 20
	geom[y_start]: 0
	geom[y_end]: 1
	geom[numy]: 20
	geom[t_start]: 0.0
	geom[t_end]: 5.0
	geom[t_dt]: 0.005
	geom[numt]: 1001
	geom[stride]: 5
	Geometry setup completed

Prediction of fluid properties...
	DEBUG: Applying scaler...
	DEBUG: Scaler applied
	DEBUG: len(x): 400400
	DEBUG: len(y): 400400
	DEBUG: len(t): 400400
------------------------  ------------  ------------  ------------  ------------  ------------  ------------  ------------  ------------  
                    Name    Self CPU %      Self CPU   CPU total %     CPU total  CPU time avg       CPU Mem  Self CPU Mem    # of Calls  
------------------------  ------------  ------------  ------------  ------------  ------------  ------------  ------------  ------------  
         model_inference         9.63%      14.099ms       100.00%     146.456ms     146.456ms       4.58 Mb    -786.61 Mb             1  
            aten::linear         0.03%      39.000us        56.42%      82.624ms      16.525ms     395.60 Mb           0 b             5  
             aten::addmm        26.29%      38.503ms        56.34%      82.509ms      16.502ms     395.60 Mb     395.60 Mb             5  
              aten::relu         0.01%      19.000us        31.86%      46.658ms      11.665ms     391.02 Mb           0 b             4  
         aten::clamp_min        31.85%      46.639ms        31.85%      46.639ms      11.660ms     391.02 Mb     391.02 Mb             4  
             aten::copy_        30.04%      43.990ms        30.04%      43.990ms       8.798ms           0 b           0 b             5  
               aten::cat         2.08%       3.041ms         2.08%       3.041ms       3.041ms       4.58 Mb       4.58 Mb             1  
                 aten::t         0.02%      28.000us         0.05%      76.000us      15.200us           0 b           0 b             5  
         aten::transpose         0.02%      30.000us         0.03%      48.000us       9.600us           0 b           0 b             5  
           aten::reshape         0.02%      24.000us         0.02%      34.000us      11.333us           0 b           0 b             3  
------------------------  ------------  ------------  ------------  ------------  ------------  ------------  ------------  ------------  
Self CPU time total: 146.456ms


------------------------  ------------  ------------  ------------  ------------  ------------  ------------  ------------  ------------  
                    Name    Self CPU %      Self CPU   CPU total %     CPU total  CPU time avg       CPU Mem  Self CPU Mem    # of Calls  
------------------------  ------------  ------------  ------------  ------------  ------------  ------------  ------------  ------------  
            aten::linear         0.03%      39.000us        56.42%      82.624ms      16.525ms     395.60 Mb           0 b             5  
             aten::addmm        26.29%      38.503ms        56.34%      82.509ms      16.502ms     395.60 Mb     395.60 Mb             5  
              aten::relu         0.01%      19.000us        31.86%      46.658ms      11.665ms     391.02 Mb           0 b             4  
         aten::clamp_min        31.85%      46.639ms        31.85%      46.639ms      11.660ms     391.02 Mb     391.02 Mb             4  
         model_inference         9.63%      14.099ms       100.00%     146.456ms     146.456ms       4.58 Mb    -786.61 Mb             1  
               aten::cat         2.08%       3.041ms         2.08%       3.041ms       3.041ms       4.58 Mb       4.58 Mb             1  
           aten::reshape         0.02%      24.000us         0.02%      34.000us      11.333us           0 b           0 b             3  
    aten::_reshape_alias         0.01%      10.000us         0.01%      10.000us       3.333us           0 b           0 b             3  
                 aten::t         0.02%      28.000us         0.05%      76.000us      15.200us           0 b           0 b             5  
         aten::transpose         0.02%      30.000us         0.03%      48.000us       9.600us           0 b           0 b             5  
------------------------  ------------  ------------  ------------  ------------  ------------  ------------  ------------  ------------  
Self CPU time total: 146.456ms


------------------------  ------------  ------------  ------------  ------------  ------------  ------------  ------------  ------------  
                    Name    Self CPU %      Self CPU   CPU total %     CPU total  CPU time avg       CPU Mem  Self CPU Mem    # of Calls  
------------------------  ------------  ------------  ------------  ------------  ------------  ------------  ------------  ------------  
         aten::clamp_min        31.85%      46.639ms        31.85%      46.639ms      11.660ms     391.02 Mb     391.02 Mb             4  
             aten::copy_        30.04%      43.990ms        30.04%      43.990ms       8.798ms           0 b           0 b             5  
------------------------  ------------  ------------  ------------  ------------  ------------  ------------  ------------  ------------  
Self CPU time total: 146.456ms


------------------------  ------------  ------------  ------------  ------------  ------------  ------------  ------------  ------------  ------------------------------------------  
                    Name    Self CPU %      Self CPU   CPU total %     CPU total  CPU time avg       CPU Mem  Self CPU Mem    # of Calls                                Input Shapes  
------------------------  ------------  ------------  ------------  ------------  ------------  ------------  ------------  ------------  ------------------------------------------  
         aten::clamp_min        31.85%      46.639ms        31.85%      46.639ms      11.660ms     391.02 Mb     391.02 Mb             4                          [[400400, 64], []]  
             aten::copy_        28.06%      41.100ms        28.06%      41.100ms      10.275ms           0 b           0 b             4            [[400400, 64], [400400, 64], []]  
             aten::addmm        17.59%      25.757ms        37.17%      54.432ms      18.144ms     293.26 Mb     293.26 Mb             3      [[64], [400400, 64], [64, 64], [], []]  
         model_inference         9.63%      14.099ms       100.00%     146.456ms     146.456ms       4.58 Mb    -786.61 Mb             1                                          []  
             aten::addmm         4.62%       6.762ms        13.11%      19.200ms      19.200ms      97.75 Mb      97.75 Mb             1        [[64], [400400, 3], [3, 64], [], []]  
             aten::addmm         4.09%       5.984ms         6.06%       8.877ms       8.877ms       4.58 Mb       4.58 Mb             1        [[3], [400400, 64], [64, 3], [], []]  
               aten::cat         2.08%       3.041ms         2.08%       3.041ms       3.041ms       4.58 Mb       4.58 Mb             1                                    [[], []]  
             aten::copy_         1.97%       2.890ms         1.97%       2.890ms       2.890ms           0 b           0 b             1              [[400400, 3], [400400, 3], []]  
           aten::reshape         0.02%      24.000us         0.02%      34.000us      11.333us           0 b           0 b             3                              [[400400], []]  
              aten::relu         0.01%      19.000us        31.86%      46.658ms      11.665ms     391.02 Mb           0 b             4                              [[400400, 64]]  
------------------------  ------------  ------------  ------------  ------------  ------------  ------------  ------------  ------------  ------------------------------------------  
Self CPU time total: 146.456ms


'inference' wall-time (seconds): 0.161

	Fluid properties prediction complete

